[debug] [2022-11-15T14:20:16.640Z] ----------------------------------------------------------------------
[debug] [2022-11-15T14:20:16.644Z] Command:       C:\Program Files\nodejs\node.exe C:\Users\HP\AppData\Roaming\npm\node_modules\firebase-tools\lib\bin\firebase.js init
[debug] [2022-11-15T14:20:16.645Z] CLI Version:   11.16.0
[debug] [2022-11-15T14:20:16.645Z] Platform:      win32
[debug] [2022-11-15T14:20:16.645Z] Node Version:  v16.14.2
[debug] [2022-11-15T14:20:16.647Z] Time:          Tue Nov 15 2022 15:20:16 GMT+0100 (Central European Standard Time)
[debug] [2022-11-15T14:20:16.648Z] ----------------------------------------------------------------------
[debug] 
[debug] [2022-11-15T14:20:16.661Z] > command requires scopes: ["email","openid","https://www.googleapis.com/auth/cloudplatformprojects.readonly","https://www.googleapis.com/auth/firebase","https://www.googleapis.com/auth/cloud-platform"]
[debug] [2022-11-15T14:20:16.662Z] > authorizing via signed-in user (lohitakshsingla0@gmail.com)
[info] 
     ######## #### ########  ######## ########     ###     ######  ########
     ##        ##  ##     ## ##       ##     ##  ##   ##  ##       ##
     ######    ##  ########  ######   ########  #########  ######  ######
     ##        ##  ##    ##  ##       ##     ## ##     ##       ## ##
     ##       #### ##     ## ######## ########  ##     ##  ######  ########

You're about to initialize a Firebase project in this directory:

  F:\Blockchain-Project\Tsensa

[info] 
=== Project Setup
[info] 
[info] First, let's associate this project directory with a Firebase project.
[info] You can create multiple project aliases by running firebase use --add, 
[info] but for now we'll just set up a default project.
[info] 
[debug] [2022-11-15T14:21:13.196Z] >>> [apiv2][query] GET https://firebase.googleapis.com/v1beta1/projects pageSize=100
[debug] [2022-11-15T14:21:13.738Z] <<< [apiv2][status] GET https://firebase.googleapis.com/v1beta1/projects 200
[debug] [2022-11-15T14:21:13.739Z] <<< [apiv2][body] GET https://firebase.googleapis.com/v1beta1/projects [omitted]
[info] i  Using project tsensa-ff048 (Tsensa) 
[info] 
=== Hosting Setup
[info] 
[info] Your public directory is the folder (relative to your project directory) that
[info] will contain Hosting assets to be uploaded with firebase deploy. If you
[info] have a build process for your assets, use your build's output directory.
[info] 
